START Wed May 21 11:42:08 EEST 2025
epochs: 5, learning rate: 1e-5, batch size: 8, model: TurkuNLP/bert-base-finnish-cased-v1 
Namespace(files=['bretschneider2016en_lol.csv', 'bretschneider2016en_wow.csv', 'davidson2017en.csv', 'novak2021sl.csv', 'ousidhoum2019fr.csv', 'ousidhoum2019en_with_stopwords.csv', 'qian2019en_reddit.csv', 'waseem2016en.csv', 'zampieri2019en.csv'], model='TurkuNLP/bert-base-finnish-cased-v1', save_name='no_founta', jigsaw=True, batch=8, epochs=5, learning=1e-05, loss=False)
clean: 295356
toxic: 89762
DatasetDict({
    train: Dataset({
        features: ['text', 'labels', '__index_level_0__'],
        num_rows: 308094
    })
    dev: Dataset({
        features: ['text', 'labels', '__index_level_0__'],
        num_rows: 77024
    })
})
{'loss': 0.284, 'grad_norm': 4.239844799041748, 'learning_rate': 8.70175529705027e-06, 'epoch': 0.65}
{'eval_loss': 0.24218226969242096, 'eval_accuracy': 0.9033418155380141, 'eval_weighted_accuracy': 0.860766764414751, 'eval_f1': 0.8638340692293149, 'eval_precision': 0.8670336836956205, 'eval_recall': 0.860766764414751, 'eval_runtime': 460.9759, 'eval_samples_per_second': 167.089, 'eval_steps_per_second': 5.222, 'epoch': 0.65}
{'loss': 0.2555, 'grad_norm': 24.048616409301758, 'learning_rate': 7.403458662235148e-06, 'epoch': 1.3}
{'eval_loss': 0.3100614845752716, 'eval_accuracy': 0.906081221437474, 'eval_weighted_accuracy': 0.8778246686494087, 'eval_f1': 0.8711124162540091, 'eval_precision': 0.8649726618704408, 'eval_recall': 0.8778246686494087, 'eval_runtime': 460.7932, 'eval_samples_per_second': 167.155, 'eval_steps_per_second': 5.224, 'epoch': 1.3}
{'loss': 0.2442, 'grad_norm': 1.2369846105575562, 'learning_rate': 6.105162027420025e-06, 'epoch': 1.95}
{'eval_loss': 0.2978428900241852, 'eval_accuracy': 0.9112873909430826, 'eval_weighted_accuracy': 0.8647513895904531, 'eval_f1': 0.8731717560027568, 'eval_precision': 0.8825974998686764, 'eval_recall': 0.8647513895904531, 'eval_runtime': 460.5441, 'eval_samples_per_second': 167.246, 'eval_steps_per_second': 5.226, 'epoch': 1.95}
END: Wed May 21 14:22:29 EEST 2025
