START Thu May 22 10:42:53 EEST 2025
model: all
Namespace(model='all', threshold=0.5, data='all_reannotated.tsv', tokenizer='TurkuNLP/bert-base-finnish-cased-v1')
[2025-05-22 10:43:02,324] [INFO] [real_accelerator.py:239:get_accelerator] Setting ds_accelerator to cuda (auto detect)
              precision    recall  f1-score   support

   not toxic       0.80      0.56      0.66       299
       toxic       0.66      0.86      0.75       301

    accuracy                           0.71       600
   macro avg       0.73      0.71      0.71       600
weighted avg       0.73      0.71      0.71       600

{'accuracy': 0.7133333333333334, 'weighted_accuracy': 0.7128301425571395, 'f1': 0.7064312047699239, 'precision': 0.7343946940124084, 'recall': 0.7128301425571395}

model: no_davidson
Namespace(model='no_davidson', threshold=0.5, data='all_reannotated.tsv', tokenizer='TurkuNLP/bert-base-finnish-cased-v1')
[2025-05-22 10:43:24,953] [INFO] [real_accelerator.py:239:get_accelerator] Setting ds_accelerator to cuda (auto detect)
              precision    recall  f1-score   support

   not toxic       0.80      0.56      0.66       299
       toxic       0.66      0.86      0.75       301

    accuracy                           0.71       600
   macro avg       0.73      0.71      0.70       600
weighted avg       0.73      0.71      0.70       600

{'accuracy': 0.71, 'weighted_accuracy': 0.7095078834209269, 'f1': 0.7033248081841432, 'precision': 0.7297238026779078, 'recall': 0.7095078834209269}

model: no_founta
Namespace(model='no_founta', threshold=0.5, data='all_reannotated.tsv', tokenizer='TurkuNLP/bert-base-finnish-cased-v1')
[2025-05-22 10:43:49,932] [INFO] [real_accelerator.py:239:get_accelerator] Setting ds_accelerator to cuda (auto detect)
              precision    recall  f1-score   support

   not toxic       0.79      0.58      0.67       299
       toxic       0.67      0.84      0.75       301

    accuracy                           0.71       600
   macro avg       0.73      0.71      0.71       600
weighted avg       0.73      0.71      0.71       600

{'accuracy': 0.7133333333333334, 'weighted_accuracy': 0.7128968099645552, 'f1': 0.7081447963800904, 'precision': 0.7287575066560011, 'recall': 0.7128968099645552}

model: no_jigsaw
Namespace(model='no_jigsaw', threshold=0.5, data='all_reannotated.tsv', tokenizer='TurkuNLP/bert-base-finnish-cased-v1')
[2025-05-22 10:44:11,335] [INFO] [real_accelerator.py:239:get_accelerator] Setting ds_accelerator to cuda (auto detect)
              precision    recall  f1-score   support

   not toxic       0.78      0.54      0.64       299
       toxic       0.65      0.84      0.73       301

    accuracy                           0.69       600
   macro avg       0.71      0.69      0.69       600
weighted avg       0.71      0.69      0.69       600

{'accuracy': 0.6933333333333334, 'weighted_accuracy': 0.6928299203324482, 'f1': 0.6859496609166629, 'precision': 0.7123679927556628, 'recall': 0.6928299203324482}

model: no_lol
Namespace(model='no_lol', threshold=0.5, data='all_reannotated.tsv', tokenizer='TurkuNLP/bert-base-finnish-cased-v1')
[2025-05-22 10:44:32,983] [INFO] [real_accelerator.py:239:get_accelerator] Setting ds_accelerator to cuda (auto detect)
              precision    recall  f1-score   support

   not toxic       0.79      0.52      0.63       299
       toxic       0.64      0.87      0.74       301

    accuracy                           0.69       600
   macro avg       0.72      0.69      0.68       600
weighted avg       0.72      0.69      0.68       600

{'accuracy': 0.6933333333333334, 'weighted_accuracy': 0.6927521416904632, 'f1': 0.6834535674553566, 'precision': 0.7196581196581197, 'recall': 0.6927521416904632}

model: no_novak
Namespace(model='no_novak', threshold=0.5, data='all_reannotated.tsv', tokenizer='TurkuNLP/bert-base-finnish-cased-v1')
[2025-05-22 10:44:54,648] [INFO] [real_accelerator.py:239:get_accelerator] Setting ds_accelerator to cuda (auto detect)
              precision    recall  f1-score   support

   not toxic       0.79      0.49      0.61       299
       toxic       0.63      0.87      0.73       301

    accuracy                           0.68       600
   macro avg       0.71      0.68      0.67       600
weighted avg       0.71      0.68      0.67       600

{'accuracy': 0.6833333333333333, 'weighted_accuracy': 0.6827075856398405, 'f1': 0.671473527682678, 'precision': 0.712913208426668, 'recall': 0.6827075856398405}

model: no_ousidhoum
Namespace(model='no_ousidhoum', threshold=0.5, data='all_reannotated.tsv', tokenizer='TurkuNLP/bert-base-finnish-cased-v1')
[2025-05-22 10:45:15,963] [INFO] [real_accelerator.py:239:get_accelerator] Setting ds_accelerator to cuda (auto detect)
              precision    recall  f1-score   support

   not toxic       0.77      0.52      0.62       299
       toxic       0.64      0.84      0.73       301

    accuracy                           0.68       600
   macro avg       0.70      0.68      0.67       600
weighted avg       0.70      0.68      0.67       600

{'accuracy': 0.6833333333333333, 'weighted_accuracy': 0.6827964755163947, 'f1': 0.6746538202490896, 'precision': 0.7041356975344641, 'recall': 0.6827964755163947}

model: no_qian
Namespace(model='no_qian', threshold=0.5, data='all_reannotated.tsv', tokenizer='TurkuNLP/bert-base-finnish-cased-v1')
[2025-05-22 10:45:37,244] [INFO] [real_accelerator.py:239:get_accelerator] Setting ds_accelerator to cuda (auto detect)
              precision    recall  f1-score   support

   not toxic       0.77      0.52      0.62       299
       toxic       0.64      0.85      0.73       301

    accuracy                           0.68       600
   macro avg       0.71      0.68      0.67       600
weighted avg       0.70      0.68      0.67       600

{'accuracy': 0.6833333333333333, 'weighted_accuracy': 0.6827853642818253, 'f1': 0.6742857142857143, 'precision': 0.7051210114839337, 'recall': 0.6827853642818253}

model: no_waseem
Namespace(model='no_waseem', threshold=0.5, data='all_reannotated.tsv', tokenizer='TurkuNLP/bert-base-finnish-cased-v1')
[2025-05-22 10:45:58,673] [INFO] [real_accelerator.py:239:get_accelerator] Setting ds_accelerator to cuda (auto detect)
              precision    recall  f1-score   support

   not toxic       0.79      0.55      0.65       299
       toxic       0.66      0.85      0.74       301

    accuracy                           0.70       600
   macro avg       0.72      0.70      0.70       600
weighted avg       0.72      0.70      0.70       600

{'accuracy': 0.7033333333333334, 'weighted_accuracy': 0.7028300314447938, 'f1': 0.6961904328432934, 'precision': 0.7233813433840355, 'recall': 0.7028300314447938}

model: no_wow
Namespace(model='no_wow', threshold=0.5, data='all_reannotated.tsv', tokenizer='TurkuNLP/bert-base-finnish-cased-v1')
[2025-05-22 10:46:20,133] [INFO] [real_accelerator.py:239:get_accelerator] Setting ds_accelerator to cuda (auto detect)
              precision    recall  f1-score   support

   not toxic       0.81      0.53      0.64       299
       toxic       0.65      0.87      0.75       301

    accuracy                           0.70       600
   macro avg       0.73      0.70      0.69       600
weighted avg       0.73      0.70      0.69       600

{'accuracy': 0.7016666666666667, 'weighted_accuracy': 0.7010911232347026, 'f1': 0.6922415645819902, 'precision': 0.7285562739947464, 'recall': 0.7010911232347026}

model: no_zampieri
Namespace(model='no_zampieri', threshold=0.5, data='all_reannotated.tsv', tokenizer='TurkuNLP/bert-base-finnish-cased-v1')
[2025-05-22 10:46:41,610] [INFO] [real_accelerator.py:239:get_accelerator] Setting ds_accelerator to cuda (auto detect)
              precision    recall  f1-score   support

   not toxic       0.80      0.53      0.64       299
       toxic       0.65      0.87      0.74       301

    accuracy                           0.70       600
   macro avg       0.72      0.70      0.69       600
weighted avg       0.72      0.70      0.69       600

{'accuracy': 0.6983333333333334, 'weighted_accuracy': 0.69776886409849, 'f1': 0.6891734475129583, 'precision': 0.7236167646615408, 'recall': 0.69776886409849}

END: Thu May 22 10:46:55 EEST 2025
