START Thu May 22 10:37:01 EEST 2025
model: all
Namespace(model='all', threshold=0.5, data='all_reannotated.tsv', tokenizer='TurkuNLP/bert-base-finnish-cased-v1')
[2025-05-22 10:37:36,205] [INFO] [real_accelerator.py:239:get_accelerator] Setting ds_accelerator to cuda (auto detect)
              precision    recall  f1-score   support

   not toxic       0.80      0.56      0.66       299
       toxic       0.66      0.86      0.75       301

    accuracy                           0.71       600
   macro avg       0.73      0.71      0.71       600
weighted avg       0.73      0.71      0.71       600

{'accuracy': 0.7133333333333334, 'weighted_accuracy': 0.7128301425571395, 'f1': 0.7133333333333334, 'precision': 0.7133333333333334, 'recall': 0.7133333333333334}
\n
model: no_davidson
Namespace(model='no_davidson', threshold=0.5, data='all_reannotated.tsv', tokenizer='TurkuNLP/bert-base-finnish-cased-v1')
[2025-05-22 10:38:09,448] [INFO] [real_accelerator.py:239:get_accelerator] Setting ds_accelerator to cuda (auto detect)
              precision    recall  f1-score   support

   not toxic       0.80      0.56      0.66       299
       toxic       0.66      0.86      0.75       301

    accuracy                           0.71       600
   macro avg       0.73      0.71      0.70       600
weighted avg       0.73      0.71      0.70       600

{'accuracy': 0.71, 'weighted_accuracy': 0.7095078834209269, 'f1': 0.71, 'precision': 0.71, 'recall': 0.71}
\n
model: no_founta
Namespace(model='no_founta', threshold=0.5, data='all_reannotated.tsv', tokenizer='TurkuNLP/bert-base-finnish-cased-v1')
[2025-05-22 10:38:33,344] [INFO] [real_accelerator.py:239:get_accelerator] Setting ds_accelerator to cuda (auto detect)
              precision    recall  f1-score   support

   not toxic       0.79      0.58      0.67       299
       toxic       0.67      0.84      0.75       301

    accuracy                           0.71       600
   macro avg       0.73      0.71      0.71       600
weighted avg       0.73      0.71      0.71       600

{'accuracy': 0.7133333333333334, 'weighted_accuracy': 0.7128968099645552, 'f1': 0.7133333333333334, 'precision': 0.7133333333333334, 'recall': 0.7133333333333334}
\n
model: no_jigsaw
Namespace(model='no_jigsaw', threshold=0.5, data='all_reannotated.tsv', tokenizer='TurkuNLP/bert-base-finnish-cased-v1')
[2025-05-22 10:38:56,962] [INFO] [real_accelerator.py:239:get_accelerator] Setting ds_accelerator to cuda (auto detect)
              precision    recall  f1-score   support

   not toxic       0.78      0.54      0.64       299
       toxic       0.65      0.84      0.73       301

    accuracy                           0.69       600
   macro avg       0.71      0.69      0.69       600
weighted avg       0.71      0.69      0.69       600

{'accuracy': 0.6933333333333334, 'weighted_accuracy': 0.6928299203324482, 'f1': 0.6933333333333334, 'precision': 0.6933333333333334, 'recall': 0.6933333333333334}
\n
model: no_lol
Namespace(model='no_lol', threshold=0.5, data='all_reannotated.tsv', tokenizer='TurkuNLP/bert-base-finnish-cased-v1')
[2025-05-22 10:39:20,663] [INFO] [real_accelerator.py:239:get_accelerator] Setting ds_accelerator to cuda (auto detect)
              precision    recall  f1-score   support

   not toxic       0.79      0.52      0.63       299
       toxic       0.64      0.87      0.74       301

    accuracy                           0.69       600
   macro avg       0.72      0.69      0.68       600
weighted avg       0.72      0.69      0.68       600

{'accuracy': 0.6933333333333334, 'weighted_accuracy': 0.6927521416904632, 'f1': 0.6933333333333334, 'precision': 0.6933333333333334, 'recall': 0.6933333333333334}
\n
model: no_novak
Namespace(model='no_novak', threshold=0.5, data='all_reannotated.tsv', tokenizer='TurkuNLP/bert-base-finnish-cased-v1')
[2025-05-22 10:39:47,018] [INFO] [real_accelerator.py:239:get_accelerator] Setting ds_accelerator to cuda (auto detect)
              precision    recall  f1-score   support

   not toxic       0.79      0.49      0.61       299
       toxic       0.63      0.87      0.73       301

    accuracy                           0.68       600
   macro avg       0.71      0.68      0.67       600
weighted avg       0.71      0.68      0.67       600

{'accuracy': 0.6833333333333333, 'weighted_accuracy': 0.6827075856398405, 'f1': 0.6833333333333333, 'precision': 0.6833333333333333, 'recall': 0.6833333333333333}
\n
model: no_ousidhoum
Namespace(model='no_ousidhoum', threshold=0.5, data='all_reannotated.tsv', tokenizer='TurkuNLP/bert-base-finnish-cased-v1')
[2025-05-22 10:40:10,774] [INFO] [real_accelerator.py:239:get_accelerator] Setting ds_accelerator to cuda (auto detect)
              precision    recall  f1-score   support

   not toxic       0.77      0.52      0.62       299
       toxic       0.64      0.84      0.73       301

    accuracy                           0.68       600
   macro avg       0.70      0.68      0.67       600
weighted avg       0.70      0.68      0.67       600

{'accuracy': 0.6833333333333333, 'weighted_accuracy': 0.6827964755163947, 'f1': 0.6746538202490896, 'precision': 0.7041356975344641, 'recall': 0.6827964755163947}
\n
model: no_qian
Namespace(model='no_qian', threshold=0.5, data='all_reannotated.tsv', tokenizer='TurkuNLP/bert-base-finnish-cased-v1')
[2025-05-22 10:40:34,492] [INFO] [real_accelerator.py:239:get_accelerator] Setting ds_accelerator to cuda (auto detect)
              precision    recall  f1-score   support

   not toxic       0.77      0.52      0.62       299
       toxic       0.64      0.85      0.73       301

    accuracy                           0.68       600
   macro avg       0.71      0.68      0.67       600
weighted avg       0.70      0.68      0.67       600

{'accuracy': 0.6833333333333333, 'weighted_accuracy': 0.6827853642818253, 'f1': 0.6742857142857143, 'precision': 0.7051210114839337, 'recall': 0.6827853642818253}
\n
model: no_waseem
Namespace(model='no_waseem', threshold=0.5, data='all_reannotated.tsv', tokenizer='TurkuNLP/bert-base-finnish-cased-v1')
[2025-05-22 10:41:03,033] [INFO] [real_accelerator.py:239:get_accelerator] Setting ds_accelerator to cuda (auto detect)
              precision    recall  f1-score   support

   not toxic       0.79      0.55      0.65       299
       toxic       0.66      0.85      0.74       301

    accuracy                           0.70       600
   macro avg       0.72      0.70      0.70       600
weighted avg       0.72      0.70      0.70       600

{'accuracy': 0.7033333333333334, 'weighted_accuracy': 0.7028300314447938, 'f1': 0.6961904328432934, 'precision': 0.7233813433840355, 'recall': 0.7028300314447938}
\n
model: no_wow
Namespace(model='no_wow', threshold=0.5, data='all_reannotated.tsv', tokenizer='TurkuNLP/bert-base-finnish-cased-v1')
[2025-05-22 10:41:29,722] [INFO] [real_accelerator.py:239:get_accelerator] Setting ds_accelerator to cuda (auto detect)
              precision    recall  f1-score   support

   not toxic       0.81      0.53      0.64       299
       toxic       0.65      0.87      0.75       301

    accuracy                           0.70       600
   macro avg       0.73      0.70      0.69       600
weighted avg       0.73      0.70      0.69       600

{'accuracy': 0.7016666666666667, 'weighted_accuracy': 0.7010911232347026, 'f1': 0.6922415645819902, 'precision': 0.7285562739947464, 'recall': 0.7010911232347026}
\n
model: no_zampieri
Namespace(model='no_zampieri', threshold=0.5, data='all_reannotated.tsv', tokenizer='TurkuNLP/bert-base-finnish-cased-v1')
[2025-05-22 10:41:55,364] [INFO] [real_accelerator.py:239:get_accelerator] Setting ds_accelerator to cuda (auto detect)
              precision    recall  f1-score   support

   not toxic       0.80      0.53      0.64       299
       toxic       0.65      0.87      0.74       301

    accuracy                           0.70       600
   macro avg       0.72      0.70      0.69       600
weighted avg       0.72      0.70      0.69       600

{'accuracy': 0.6983333333333334, 'weighted_accuracy': 0.69776886409849, 'f1': 0.6891734475129583, 'precision': 0.7236167646615408, 'recall': 0.69776886409849}
\n
END: Thu May 22 10:42:10 EEST 2025
