START Thu May 22 12:02:47 EEST 2025
model: no_davidson
data: davidson2017en.csv
Namespace(model='no_davidson', threshold=0.5, data=['davidson2017en.csv'], tokenizer='TurkuNLP/bert-base-finnish-cased-v1')
[2025-05-22 12:03:23,858] [INFO] [real_accelerator.py:239:get_accelerator] Setting ds_accelerator to cuda (auto detect)
              precision    recall  f1-score   support

   not toxic       0.52      0.76      0.62      4163
       toxic       0.95      0.86      0.90     20620

    accuracy                           0.84     24783
   macro avg       0.73      0.81      0.76     24783
weighted avg       0.88      0.84      0.85     24783

{'accuracy': 0.8431586167937699, 'weighted_accuracy': 0.8096018851584545, 'f1': 0.7602126616503755, 'precision': 0.7346539133534118, 'recall': 0.8096018851584545}

model: no_founta
data: founta2018en.csv
Namespace(model='no_founta', threshold=0.5, data=['founta2018en.csv'], tokenizer='TurkuNLP/bert-base-finnish-cased-v1')
[2025-05-22 12:07:50,132] [INFO] [real_accelerator.py:239:get_accelerator] Setting ds_accelerator to cuda (auto detect)
              precision    recall  f1-score   support

   not toxic       0.74      0.94      0.83     33191
       toxic       0.78      0.39      0.52     18263

    accuracy                           0.74     51454
   macro avg       0.76      0.66      0.67     51454
weighted avg       0.75      0.74      0.72     51454

{'accuracy': 0.7448983558129592, 'weighted_accuracy': 0.6648354415422517, 'f1': 0.6730235191869829, 'precision': 0.7599840809914311, 'recall': 0.6648354415422517}

model: no_lol
data: bretschneider2016en_lol.csv
Namespace(model='no_lol', threshold=0.5, data=['bretschneider2016en_lol.csv'], tokenizer='TurkuNLP/bert-base-finnish-cased-v1')
[2025-05-22 12:16:40,018] [INFO] [real_accelerator.py:239:get_accelerator] Setting ds_accelerator to cuda (auto detect)
              precision    recall  f1-score   support

   not toxic       0.98      0.93      0.95      1739
       toxic       0.28      0.57      0.38        84

    accuracy                           0.91      1823
   macro avg       0.63      0.75      0.66      1823
weighted avg       0.95      0.91      0.93      1823

{'accuracy': 0.9122325836533187, 'weighted_accuracy': 0.7500616117637394, 'f1': 0.663901179941003, 'precision': 0.628632400377502, 'recall': 0.7500616117637394}

model: no_wow
data: bretschneider2016en_wow.csv
Namespace(model='no_wow', threshold=0.5, data=['bretschneider2016en_wow.csv'], tokenizer='TurkuNLP/bert-base-finnish-cased-v1')
[2025-05-22 12:17:20,694] [INFO] [real_accelerator.py:239:get_accelerator] Setting ds_accelerator to cuda (auto detect)
              precision    recall  f1-score   support

   not toxic       0.98      0.87      0.92      1115
       toxic       0.14      0.60      0.23        40

    accuracy                           0.86      1155
   macro avg       0.56      0.73      0.58      1155
weighted avg       0.95      0.86      0.90      1155

{'accuracy': 0.8606060606060606, 'weighted_accuracy': 0.7349775784753363, 'f1': 0.5765174478318595, 'precision': 0.5628923268960716, 'recall': 0.7349775784753363}

model: no_novak
data: novak2021sl.csv
Namespace(model='no_novak', threshold=0.5, data=['novak2021sl.csv'], tokenizer='TurkuNLP/bert-base-finnish-cased-v1')
[2025-05-22 12:17:57,841] [INFO] [real_accelerator.py:239:get_accelerator] Setting ds_accelerator to cuda (auto detect)
              precision    recall  f1-score   support

   not toxic       0.73      0.86      0.79     52606
       toxic       0.56      0.35      0.43     25928

    accuracy                           0.69     78534
   macro avg       0.64      0.60      0.61     78534
weighted avg       0.67      0.69      0.67     78534

{'accuracy': 0.6928209437950442, 'weighted_accuracy': 0.6049471537304743, 'f1': 0.6084576109181702, 'precision': 0.6420657416655842, 'recall': 0.6049471537304743}

model: no_qian
data: qian2019en_reddit.csv
Namespace(model='no_qian', threshold=0.5, data=['qian2019en_reddit.csv'], tokenizer='TurkuNLP/bert-base-finnish-cased-v1')
[2025-05-22 12:31:24,638] [INFO] [real_accelerator.py:239:get_accelerator] Setting ds_accelerator to cuda (auto detect)
              precision    recall  f1-score   support

   not toxic       0.92      0.76      0.83     17062
       toxic       0.50      0.78      0.61      5255

    accuracy                           0.76     22317
   macro avg       0.71      0.77      0.72     22317
weighted avg       0.82      0.76      0.78     22317

{'accuracy': 0.7639467670385804, 'weighted_accuracy': 0.7699687131981074, 'f1': 0.7200516758996991, 'precision': 0.7088370516976154, 'recall': 0.7699687131981074}

model: no_waseem
data: waseem2016en.csv
Namespace(model='no_waseem', threshold=0.5, data=['waseem2016en.csv'], tokenizer='TurkuNLP/bert-base-finnish-cased-v1')
[2025-05-22 12:35:25,772] [INFO] [real_accelerator.py:239:get_accelerator] Setting ds_accelerator to cuda (auto detect)
              precision    recall  f1-score   support

   not toxic       0.79      0.83      0.81      7393
       toxic       0.45      0.38      0.41      2663

    accuracy                           0.71     10056
   macro avg       0.62      0.61      0.61     10056
weighted avg       0.70      0.71      0.70     10056

{'accuracy': 0.7126093874303898, 'weighted_accuracy': 0.6072969228943009, 'f1': 0.6118243687269393, 'precision': 0.6195568514564991, 'recall': 0.6072969228943009}

model: no_zampieri
data: zampieri2019en.csv
Namespace(model='no_zampieri', threshold=0.5, data=['zampieri2019en.csv'], tokenizer='TurkuNLP/bert-base-finnish-cased-v1')
[2025-05-22 12:37:23,134] [INFO] [real_accelerator.py:239:get_accelerator] Setting ds_accelerator to cuda (auto detect)
              precision    recall  f1-score   support

   not toxic       0.79      0.80      0.80      8840
       toxic       0.59      0.56      0.58      4400

    accuracy                           0.72     13240
   macro avg       0.69      0.68      0.69     13240
weighted avg       0.72      0.72      0.72     13240

{'accuracy': 0.7238670694864048, 'weighted_accuracy': 0.6839705882352941, 'f1': 0.6857341738713749, 'precision': 0.6878006870687712, 'recall': 0.6839705882352941}

END: Thu May 22 12:39:43 EEST 2025
